# JRE version: Java(TM) SE Runtime Environment (8.0_92-b14) (build 1.8.0_92-b14)
# Java VM: Java HotSpot(TM) 64-Bit Server VM (25.92-b14 mixed mode windows-amd64 compressed oops)
Heap:
 PSYoungGen      total 268288K, used 38627K [0x000000076b300000, 0x000000077df00000, 0x00000007c0000000)
  eden space 253952K, 15% used [0x000000076b300000,0x000000076d8b8d60,0x000000077ab00000)
  from space 14336K, 0% used [0x000000077c100000,0x000000077c100000,0x000000077cf00000)
  to   space 22528K, 0% used [0x000000077ab00000,0x000000077ab00000,0x000000077c100000)
 ParOldGen       total 113152K, used 29630K [0x00000006c1800000, 0x00000006c8680000, 0x000000076b300000)
  object space 113152K, 26% used [0x00000006c1800000,0x00000006c34efbf8,0x00000006c8680000)
 Metaspace       used 22247K, capacity 23160K, committed 23344K, reserved 1069056K
  class space    used 2892K, capacity 3096K, committed 3120K, reserved 1048576K
GC Heap History (10 events):
Event: 1.287 GC heap before
{Heap before GC invocations=3 (full 0):
 PSYoungGen      total 76288K, used 71847K [0x000000076b300000, 0x0000000774800000, 0x00000007c0000000)
  eden space 65536K, 99% used [0x000000076b300000,0x000000076f2e5eb0,0x000000076f300000)
  from space 10752K, 59% used [0x000000076fd80000,0x00000007703c4058,0x0000000770800000)
  to   space 10752K, 0% used [0x000000076f300000,0x000000076f300000,0x000000076fd80000)
 ParOldGen       total 175104K, used 32K [0x00000006c1800000, 0x00000006cc300000, 0x000000076b300000)
  object space 175104K, 0% used [0x00000006c1800000,0x00000006c1808000,0x00000006cc300000)
 Metaspace       used 18390K, capacity 19014K, committed 19328K, reserved 1067008K
  class space    used 2423K, capacity 2585K, committed 2688K, reserved 1048576K
Event: 1.290 GC heap after
Heap after GC invocations=3 (full 0):
 PSYoungGen      total 76288K, used 6486K [0x000000076b300000, 0x0000000774800000, 0x00000007c0000000)
  eden space 65536K, 0% used [0x000000076b300000,0x000000076b300000,0x000000076f300000)
  from space 10752K, 60% used [0x000000076f300000,0x000000076f955b10,0x000000076fd80000)
  to   space 10752K, 0% used [0x0000000773d80000,0x0000000773d80000,0x0000000774800000)
 ParOldGen       total 175104K, used 40K [0x00000006c1800000, 0x00000006cc300000, 0x000000076b300000)
  object space 175104K, 0% used [0x00000006c1800000,0x00000006c180a000,0x00000006cc300000)
 Metaspace       used 18390K, capacity 19014K, committed 19328K, reserved 1067008K
  class space    used 2423K, capacity 2585K, committed 2688K, reserved 1048576K
}
Event: 1.299 GC heap before
{Heap before GC invocations=4 (full 0):
 PSYoungGen      total 76288K, used 71958K [0x000000076b300000, 0x0000000774800000, 0x00000007c0000000)
  eden space 65536K, 99% used [0x000000076b300000,0x000000076f2f0008,0x000000076f300000)
  from space 10752K, 60% used [0x000000076f300000,0x000000076f955b10,0x000000076fd80000)
  to   space 10752K, 0% used [0x0000000773d80000,0x0000000773d80000,0x0000000774800000)
 ParOldGen       total 175104K, used 40K [0x00000006c1800000, 0x00000006cc300000, 0x000000076b300000)
  object space 175104K, 0% used [0x00000006c1800000,0x00000006c180a000,0x00000006cc300000)
 Metaspace       used 18391K, capacity 19018K, committed 19328K, reserved 1067008K
  class space    used 2423K, capacity 2585K, committed 2688K, reserved 1048576K
Event: 1.304 GC heap after
Heap after GC invocations=4 (full 0):
 PSYoungGen      total 141824K, used 6579K [0x000000076b300000, 0x0000000774800000, 0x00000007c0000000)
  eden space 131072K, 0% used [0x000000076b300000,0x000000076b300000,0x0000000773300000)
  from space 10752K, 61% used [0x0000000773d80000,0x00000007743ecd60,0x0000000774800000)
  to   space 10752K, 0% used [0x0000000773300000,0x0000000773300000,0x0000000773d80000)
 ParOldGen       total 175104K, used 48K [0x00000006c1800000, 0x00000006cc300000, 0x000000076b300000)
  object space 175104K, 0% used [0x00000006c1800000,0x00000006c180c000,0x00000006cc300000)
 Metaspace       used 18391K, capacity 19018K, committed 19328K, reserved 1067008K
  class space    used 2423K, capacity 2585K, committed 2688K, reserved 1048576K
}
Event: 2.094 GC heap before
{Heap before GC invocations=5 (full 0):
 PSYoungGen      total 141824K, used 137651K [0x000000076b300000, 0x0000000774800000, 0x00000007c0000000)
  eden space 131072K, 100% used [0x000000076b300000,0x0000000773300000,0x0000000773300000)
  from space 10752K, 61% used [0x0000000773d80000,0x00000007743ecd60,0x0000000774800000)
  to   space 10752K, 0% used [0x0000000773300000,0x0000000773300000,0x0000000773d80000)
 ParOldGen       total 175104K, used 48K [0x00000006c1800000, 0x00000006cc300000, 0x000000076b300000)
  object space 175104K, 0% used [0x00000006c1800000,0x00000006c180c000,0x00000006cc300000)
 Metaspace       used 19001K, capacity 19718K, committed 19840K, reserved 1067008K
  class space    used 2486K, capacity 2671K, committed 2688K, reserved 1048576K
Event: 2.099 GC heap after
Heap after GC invocations=5 (full 0):
 PSYoungGen      total 141824K, used 10748K [0x000000076b300000, 0x000000077cf00000, 0x00000007c0000000)
  eden space 131072K, 0% used [0x000000076b300000,0x000000076b300000,0x0000000773300000)
  from space 10752K, 99% used [0x0000000773300000,0x0000000773d7f068,0x0000000773d80000)
  to   space 14336K, 0% used [0x000000077c100000,0x000000077c100000,0x000000077cf00000)
 ParOldGen       total 175104K, used 5313K [0x00000006c1800000, 0x00000006cc300000, 0x000000076b300000)
  object space 175104K, 3% used [0x00000006c1800000,0x00000006c1d307b8,0x00000006cc300000)
 Metaspace       used 19001K, capacity 19718K, committed 19840K, reserved 1067008K
  class space    used 2486K, capacity 2671K, committed 2688K, reserved 1048576K
}
Event: 3.390 GC heap before
{Heap before GC invocations=6 (full 0):
 PSYoungGen      total 141824K, used 72631K [0x000000076b300000, 0x000000077cf00000, 0x00000007c0000000)
  eden space 131072K, 47% used [0x000000076b300000,0x000000076ef6edf0,0x0000000773300000)
  from space 10752K, 99% used [0x0000000773300000,0x0000000773d7f068,0x0000000773d80000)
  to   space 14336K, 0% used [0x000000077c100000,0x000000077c100000,0x000000077cf00000)
 ParOldGen       total 175104K, used 5313K [0x00000006c1800000, 0x00000006cc300000, 0x000000076b300000)
  object space 175104K, 3% used [0x00000006c1800000,0x00000006c1d307b8,0x00000006cc300000)
 Metaspace       used 20482K, capacity 21232K, committed 21296K, reserved 1067008K
  class space    used 2653K, capacity 2854K, committed 2864K, reserved 1048576K
Event: 3.397 GC heap after
Heap after GC invocations=6 (full 0):
 PSYoungGen      total 268288K, used 14328K [0x000000076b300000, 0x000000077df00000, 0x00000007c0000000)
  eden space 253952K, 0% used [0x000000076b300000,0x000000076b300000,0x000000077ab00000)
  from space 14336K, 99% used [0x000000077c100000,0x000000077cefe1c0,0x000000077cf00000)
  to   space 22528K, 0% used [0x000000077ab00000,0x000000077ab00000,0x000000077c100000)
 ParOldGen       total 175104K, used 15787K [0x00000006c1800000, 0x00000006cc300000, 0x000000076b300000)
  object space 175104K, 9% used [0x00000006c1800000,0x00000006c276ad70,0x00000006cc300000)
 Metaspace       used 20482K, capacity 21232K, committed 21296K, reserved 1067008K
  class space    used 2653K, capacity 2854K, committed 2864K, reserved 1048576K
}
Event: 3.397 GC heap before
{Heap before GC invocations=7 (full 1):
 PSYoungGen      total 268288K, used 14328K [0x000000076b300000, 0x000000077df00000, 0x00000007c0000000)
  eden space 253952K, 0% used [0x000000076b300000,0x000000076b300000,0x000000077ab00000)
  from space 14336K, 99% used [0x000000077c100000,0x000000077cefe1c0,0x000000077cf00000)
  to   space 22528K, 0% used [0x000000077ab00000,0x000000077ab00000,0x000000077c100000)
 ParOldGen       total 175104K, used 15787K [0x00000006c1800000, 0x00000006cc300000, 0x000000076b300000)
  object space 175104K, 9% used [0x00000006c1800000,0x00000006c276ad70,0x00000006cc300000)
 Metaspace       used 20482K, capacity 21232K, committed 21296K, reserved 1067008K
  class space    used 2653K, capacity 2854K, committed 2864K, reserved 1048576K
Event: 3.449 GC heap after
Heap after GC invocations=7 (full 1):
 PSYoungGen      total 268288K, used 0K [0x000000076b300000, 0x000000077df00000, 0x00000007c0000000)
  eden space 253952K, 0% used [0x000000076b300000,0x000000076b300000,0x000000077ab00000)
  from space 14336K, 0% used [0x000000077c100000,0x000000077c100000,0x000000077cf00000)
  to   space 22528K, 0% used [0x000000077ab00000,0x000000077ab00000,0x000000077c100000)
 ParOldGen       total 113152K, used 29630K [0x00000006c1800000, 0x00000006c8680000, 0x000000076b300000)
  object space 113152K, 26% used [0x00000006c1800000,0x00000006c34efbf8,0x00000006c8680000)
 Metaspace       used 20482K, capacity 21232K, committed 21296K, reserved 1067008K
  class space    used 2653K, capacity 2854K, committed 2864K, reserved 1048576K
}

